<?xml version="1.0" encoding="UTF-8" ?><testsuite name="Calculator" errors="0" failures="14" tests="14" time="0.334" timestamp="2011-10-18T02:50:08"> <testcase classname="Calculator" name="regular multiplication" time="0.011"></testcase> <testcase classname="Calculator" name="multiplication by zero" time="0.021"></testcase> <testcase classname="Calculator" name="multiplication of decimals" time="0.037"></testcase> <testcase classname="Calculator" name="divide by factor" time="0.012"></testcase> <testcase classname="Calculator" name="divide by zero" time="0.022"></testcase> <testcase classname="Calculator" name="division of negative factor" time="0.018"></testcase> <testcase classname="Calculator" name="division by non-factor" time="0.022"></testcase> <testcase classname="Calculator" name="regular addition" time="0.026"></testcase> <testcase classname="Calculator" name="addition of negative" time="0.021"></testcase> <testcase classname="Calculator" name="addition of zero" time="0.018"></testcase> <testcase classname="Calculator" name="regular subtraction" time="0.012"></testcase> <testcase classname="Calculator" name="subtraction of one negative" time="0.01"></testcase> <testcase classname="Calculator" name="subtraction of two negatives" time="0.072"></testcase> <testcase classname="Calculator" name="subtraction of zero" time="0.013"></testcase></testsuite>