<?xml version="1.0" encoding="UTF-8" ?><testsuite name="AddingIsFun" errors="0" failures="3" tests="3" time="0.041" timestamp="2011-10-18T02:50:09"> <testcase classname="AddingIsFun" name="1+2=3" time="0.01"></testcase> <testcase classname="AddingIsFun" name="1+3=4" time="0.011"></testcase> <testcase classname="AddingIsFun" name="1+4=5" time="0.012"></testcase></testsuite>