<?xml version="1.0" encoding="UTF-8" ?><testsuite name="calculator2" errors="0" failures="3" tests="3" time="0.062" timestamp="2011-10-18T02:50:09"> <testcase classname="calculator2" name="(1/3)/(1/0)=0" time="0.012"></testcase> <testcase classname="calculator2" name="(2*2)+(3*3)=13" time="0.025"></testcase> <testcase classname="calculator2" name="(1/2)*(1/4)=(1/8)" time="0.014"></testcase></testsuite>