<?xml version="1.0" encoding="UTF-8" ?><testsuite name="Hello world Universe" errors="0" failures="3" tests="3" time="0.069" timestamp="2011-10-18T02:50:08"> <testcase classname="Hello world Universe" name="Bonjour" time="0.022"></testcase> <testcase classname="Hello world Universe" name="NiHao" time="0.017"></testcase> <testcase classname="Hello world Universe" name="Wrong Option" time="0.023"></testcase></testsuite>