<?xml version="1.0" encoding="UTF-8" ?><testsuite name="returnText" errors="0" failures="1" tests="1" time="0.028" timestamp="2011-10-18T02:50:09"> <testcase classname="returnText" name="testing" time="0.027"></testcase></testsuite>